# JRE version: OpenJDK Runtime Environment (17.0.6) (build 17.0.6+0-b2043.56-10027231)
# Java VM: OpenJDK 64-Bit Server VM (17.0.6+0-b2043.56-10027231, mixed mode, tiered, compressed oops, compressed class ptrs, g1 gc, windows-amd64)
GC Precious Log:
 CPUs: 4 total, 4 available
 Memory: 12193M
 Large Page Support: Disabled
 NUMA Support: Disabled
 Compressed Oops: Enabled (32-bit)
 Heap Region Size: 1M
 Heap Min Capacity: 8M
 Heap Initial Capacity: 192M
 Heap Max Capacity: 2G
 Pre-touch: Disabled
 Parallel Workers: 4
 Concurrent Workers: 1
 Concurrent Refinement Workers: 4
 Periodic GC: Disabled
Heap:
 garbage-first heap   total 399360K, used 226397K [0x0000000080000000, 0x0000000100000000)
  region size 1024K, 55 young (56320K), 2 survivors (2048K)
 Metaspace       used 207826K, committed 209536K, reserved 1236992K
  class space    used 25942K, committed 26752K, reserved 1048576K
GC Heap History (20 events):
Event: 8134.776 GC heap before
{Heap before GC invocations=126 (full 1):
 garbage-first heap   total 399360K, used 164462K [0x0000000080000000, 0x0000000100000000)
  region size 1024K, 19 young (19456K), 12 survivors (12288K)
 Metaspace       used 184152K, committed 185728K, reserved 1212416K
  class space    used 23195K, committed 23936K, reserved 1048576K
}
Event: 8134.793 GC heap after
{Heap after GC invocations=127 (full 1):
 garbage-first heap   total 399360K, used 151476K [0x0000000080000000, 0x0000000100000000)
  region size 1024K, 2 young (2048K), 2 survivors (2048K)
 Metaspace       used 184152K, committed 185728K, reserved 1212416K
  class space    used 23195K, committed 23936K, reserved 1048576K
}
Event: 8137.658 GC heap before
{Heap before GC invocations=127 (full 1):
 garbage-first heap   total 399360K, used 212916K [0x0000000080000000, 0x0000000100000000)
  region size 1024K, 64 young (65536K), 2 survivors (2048K)
 Metaspace       used 184197K, committed 185728K, reserved 1212416K
  class space    used 23198K, committed 23936K, reserved 1048576K
}
Event: 8137.669 GC heap after
{Heap after GC invocations=128 (full 1):
 garbage-first heap   total 399360K, used 153909K [0x0000000080000000, 0x0000000100000000)
  region size 1024K, 4 young (4096K), 4 survivors (4096K)
 Metaspace       used 184197K, committed 185728K, reserved 1212416K
  class space    used 23198K, committed 23936K, reserved 1048576K
}
Event: 8281.211 GC heap before
{Heap before GC invocations=129 (full 1):
 garbage-first heap   total 399360K, used 324917K [0x0000000080000000, 0x0000000100000000)
  region size 1024K, 154 young (157696K), 4 survivors (4096K)
 Metaspace       used 184696K, committed 186432K, reserved 1212416K
  class space    used 23285K, committed 24128K, reserved 1048576K
}
Event: 8281.242 GC heap after
{Heap after GC invocations=130 (full 1):
 garbage-first heap   total 399360K, used 175480K [0x0000000080000000, 0x0000000100000000)
  region size 1024K, 20 young (20480K), 20 survivors (20480K)
 Metaspace       used 184696K, committed 186432K, reserved 1212416K
  class space    used 23285K, committed 24128K, reserved 1048576K
}
Event: 8281.249 GC heap before
{Heap before GC invocations=130 (full 1):
 garbage-first heap   total 399360K, used 176504K [0x0000000080000000, 0x0000000100000000)
  region size 1024K, 21 young (21504K), 20 survivors (20480K)
 Metaspace       used 184697K, committed 186432K, reserved 1212416K
  class space    used 23285K, committed 24128K, reserved 1048576K
}
Event: 8281.280 GC heap after
{Heap after GC invocations=131 (full 1):
 garbage-first heap   total 399360K, used 168513K [0x0000000080000000, 0x0000000100000000)
  region size 1024K, 2 young (2048K), 2 survivors (2048K)
 Metaspace       used 184697K, committed 186432K, reserved 1212416K
  class space    used 23285K, committed 24128K, reserved 1048576K
}
Event: 8281.373 GC heap before
{Heap before GC invocations=131 (full 1):
 garbage-first heap   total 399360K, used 174657K [0x0000000080000000, 0x0000000100000000)
  region size 1024K, 9 young (9216K), 2 survivors (2048K)
 Metaspace       used 184703K, committed 186432K, reserved 1212416K
  class space    used 23286K, committed 24128K, reserved 1048576K
}
Event: 8281.375 GC heap after
{Heap after GC invocations=132 (full 1):
 garbage-first heap   total 399360K, used 168001K [0x0000000080000000, 0x0000000100000000)
  region size 1024K, 1 young (1024K), 1 survivors (1024K)
 Metaspace       used 184703K, committed 186432K, reserved 1212416K
  class space    used 23286K, committed 24128K, reserved 1048576K
}
Event: 8306.875 GC heap before
{Heap before GC invocations=133 (full 1):
 garbage-first heap   total 399360K, used 317505K [0x0000000080000000, 0x0000000100000000)
  region size 1024K, 144 young (147456K), 1 survivors (1024K)
 Metaspace       used 196164K, committed 197888K, reserved 1228800K
  class space    used 24631K, committed 25472K, reserved 1048576K
}
Event: 8306.890 GC heap after
{Heap after GC invocations=134 (full 1):
 garbage-first heap   total 399360K, used 170119K [0x0000000080000000, 0x0000000100000000)
  region size 1024K, 7 young (7168K), 7 survivors (7168K)
 Metaspace       used 196164K, committed 197888K, reserved 1228800K
  class space    used 24631K, committed 25472K, reserved 1048576K
}
Event: 8308.733 GC heap before
{Heap before GC invocations=134 (full 1):
 garbage-first heap   total 399360K, used 181383K [0x0000000080000000, 0x0000000100000000)
  region size 1024K, 19 young (19456K), 7 survivors (7168K)
 Metaspace       used 196174K, committed 197888K, reserved 1228800K
  class space    used 24631K, committed 25472K, reserved 1048576K
}
Event: 8308.747 GC heap after
{Heap after GC invocations=135 (full 1):
 garbage-first heap   total 399360K, used 151040K [0x0000000080000000, 0x0000000100000000)
  region size 1024K, 2 young (2048K), 2 survivors (2048K)
 Metaspace       used 196174K, committed 197888K, reserved 1228800K
  class space    used 24631K, committed 25472K, reserved 1048576K
}
Event: 8312.270 GC heap before
{Heap before GC invocations=135 (full 1):
 garbage-first heap   total 399360K, used 226816K [0x0000000080000000, 0x0000000100000000)
  region size 1024K, 78 young (79872K), 2 survivors (2048K)
 Metaspace       used 196331K, committed 198080K, reserved 1228800K
  class space    used 24635K, committed 25472K, reserved 1048576K
}
Event: 8312.285 GC heap after
{Heap after GC invocations=136 (full 1):
 garbage-first heap   total 399360K, used 159466K [0x0000000080000000, 0x0000000100000000)
  region size 1024K, 11 young (11264K), 11 survivors (11264K)
 Metaspace       used 196331K, committed 198080K, reserved 1228800K
  class space    used 24635K, committed 25472K, reserved 1048576K
}
Event: 8319.654 GC heap before
{Heap before GC invocations=137 (full 1):
 garbage-first heap   total 399360K, used 317162K [0x0000000080000000, 0x0000000100000000)
  region size 1024K, 154 young (157696K), 11 survivors (11264K)
 Metaspace       used 207601K, committed 209344K, reserved 1236992K
  class space    used 25931K, committed 26752K, reserved 1048576K
}
Event: 8319.682 GC heap after
{Heap after GC invocations=138 (full 1):
 garbage-first heap   total 399360K, used 183290K [0x0000000080000000, 0x0000000100000000)
  region size 1024K, 20 young (20480K), 20 survivors (20480K)
 Metaspace       used 207601K, committed 209344K, reserved 1236992K
  class space    used 25931K, committed 26752K, reserved 1048576K
}
Event: 8319.715 GC heap before
{Heap before GC invocations=138 (full 1):
 garbage-first heap   total 399360K, used 184314K [0x0000000080000000, 0x0000000100000000)
  region size 1024K, 21 young (21504K), 20 survivors (20480K)
 Metaspace       used 207704K, committed 209408K, reserved 1236992K
  class space    used 25942K, committed 26752K, reserved 1048576K
}
Event: 8319.739 GC heap after
{Heap after GC invocations=139 (full 1):
 garbage-first heap   total 399360K, used 174173K [0x0000000080000000, 0x0000000100000000)
  region size 1024K, 2 young (2048K), 2 survivors (2048K)
 Metaspace       used 207704K, committed 209408K, reserved 1236992K
  class space    used 25942K, committed 26752K, reserved 1048576K
}

